0 info it worked if it ends with ok
1 verbose cli [ '/usr/bin/nodejs',
1 verbose cli   '/usr/bin/npm',
1 verbose cli   'install',
1 verbose cli   'bcrypt',
1 verbose cli   '--save' ]
2 info using npm@3.5.2
3 info using node@v4.7.2
4 silly loadCurrentTree Starting
5 silly install loadCurrentTree
6 silly install readLocalPackageData
7 silly fetchPackageMetaData bcrypt@^1.0.2
8 silly fetchNamedPackageData bcrypt
9 silly mapToRegistry name bcrypt
10 silly mapToRegistry using default registry
11 silly mapToRegistry registry https://registry.npmjs.org/
12 silly mapToRegistry uri https://registry.npmjs.org/bcrypt
13 verbose request uri https://registry.npmjs.org/bcrypt
14 verbose request no auth needed
15 info attempt registry request try #1 at 2:03:47 PM
16 verbose request id f7ee2782061425dd
17 verbose etag W/"594d1c3e-16fcf"
18 verbose lastModified Fri, 23 Jun 2017 13:48:46 GMT
19 http request GET https://registry.npmjs.org/bcrypt
20 http 304 https://registry.npmjs.org/bcrypt
21 verbose headers { date: 'Mon, 26 Jun 2017 08:33:48 GMT',
21 verbose headers   via: '1.1 varnish',
21 verbose headers   'cache-control': 'max-age=300',
21 verbose headers   etag: 'W/"594d1c3e-16fcf"',
21 verbose headers   age: '0',
21 verbose headers   connection: 'keep-alive',
21 verbose headers   'x-served-by': 'cache-cdg8731-CDG',
21 verbose headers   'x-cache': 'HIT',
21 verbose headers   'x-cache-hits': '1',
21 verbose headers   'x-timer': 'S1498466028.051340,VS0,VE132',
21 verbose headers   vary: 'Accept-Encoding' }
22 silly get cb [ 304,
22 silly get   { date: 'Mon, 26 Jun 2017 08:33:48 GMT',
22 silly get     via: '1.1 varnish',
22 silly get     'cache-control': 'max-age=300',
22 silly get     etag: 'W/"594d1c3e-16fcf"',
22 silly get     age: '0',
22 silly get     connection: 'keep-alive',
22 silly get     'x-served-by': 'cache-cdg8731-CDG',
22 silly get     'x-cache': 'HIT',
22 silly get     'x-cache-hits': '1',
22 silly get     'x-timer': 'S1498466028.051340,VS0,VE132',
22 silly get     vary: 'Accept-Encoding' } ]
23 verbose etag https://registry.npmjs.org/bcrypt from cache
24 verbose get saving bcrypt to /home/nandunb/.npm/registry.npmjs.org/bcrypt/.cache.json
25 silly install normalizeTree
26 silly loadCurrentTree Finishing
27 silly loadIdealTree Starting
28 silly install loadIdealTree
29 silly cloneCurrentTree Starting
30 silly install cloneCurrentTreeToIdealTree
31 silly cloneCurrentTree Finishing
32 silly loadShrinkwrap Starting
33 silly install loadShrinkwrap
34 silly loadShrinkwrap Finishing
35 silly loadAllDepsIntoIdealTree Starting
36 silly install loadAllDepsIntoIdealTree
37 silly resolveWithNewModule bcrypt@1.0.2 checking installable status
38 silly cache add args [ 'bcrypt@^1.0.2', null ]
39 verbose cache add spec bcrypt@^1.0.2
40 silly cache add parsed spec Result {
40 silly cache add   raw: 'bcrypt@^1.0.2',
40 silly cache add   scope: null,
40 silly cache add   name: 'bcrypt',
40 silly cache add   rawSpec: '^1.0.2',
40 silly cache add   spec: '>=1.0.2 <2.0.0',
40 silly cache add   type: 'range' }
41 silly addNamed bcrypt@>=1.0.2 <2.0.0
42 verbose addNamed ">=1.0.2 <2.0.0" is a valid semver range for bcrypt
43 silly addNameRange { name: 'bcrypt', range: '>=1.0.2 <2.0.0', hasData: false }
44 silly mapToRegistry name bcrypt
45 silly mapToRegistry using default registry
46 silly mapToRegistry registry https://registry.npmjs.org/
47 silly mapToRegistry uri https://registry.npmjs.org/bcrypt
48 verbose addNameRange registry:https://registry.npmjs.org/bcrypt not in flight; fetching
49 verbose get https://registry.npmjs.org/bcrypt not expired, no request
50 silly addNameRange number 2 { name: 'bcrypt', range: '>=1.0.2 <2.0.0', hasData: true }
51 silly addNameRange versions [ 'bcrypt',
51 silly addNameRange   [ '0.1.2',
51 silly addNameRange     '0.2.0',
51 silly addNameRange     '0.2.1',
51 silly addNameRange     '0.1.3',
51 silly addNameRange     '0.2.2',
51 silly addNameRange     '0.2.3',
51 silly addNameRange     '0.2.4',
51 silly addNameRange     '0.3.0',
51 silly addNameRange     '0.3.1',
51 silly addNameRange     '0.3.2',
51 silly addNameRange     '0.4.0',
51 silly addNameRange     '0.4.1',
51 silly addNameRange     '0.5.0',
51 silly addNameRange     '0.6.0',
51 silly addNameRange     '0.7.0',
51 silly addNameRange     '0.7.1',
51 silly addNameRange     '0.7.2',
51 silly addNameRange     '0.7.3',
51 silly addNameRange     '0.7.4',
51 silly addNameRange     '0.7.5',
51 silly addNameRange     '0.7.6',
51 silly addNameRange     '0.7.7',
51 silly addNameRange     '0.7.8',
51 silly addNameRange     '0.8.0',
51 silly addNameRange     '0.8.1',
51 silly addNameRange     '0.8.2',
51 silly addNameRange     '0.8.3',
51 silly addNameRange     '0.8.4',
51 silly addNameRange     '0.8.5',
51 silly addNameRange     '0.8.6',
51 silly addNameRange     '0.8.7',
51 silly addNameRange     '1.0.0',
51 silly addNameRange     '1.0.1',
51 silly addNameRange     '1.0.2' ] ]
52 silly addNamed bcrypt@1.0.2
53 verbose addNamed "1.0.2" is a plain semver version for bcrypt
54 silly cache afterAdd bcrypt@1.0.2
55 verbose afterAdd /home/nandunb/.npm/bcrypt/1.0.2/package/package.json not in flight; writing
56 verbose afterAdd /home/nandunb/.npm/bcrypt/1.0.2/package/package.json written
57 silly loadAllDepsIntoIdealTree Finishing
58 silly idealTree:prePrune auth_service@1.0.0
58 silly idealTree:prePrune ├── abbrev@1.1.0
58 silly idealTree:prePrune ├── accepts@1.3.3
58 silly idealTree:prePrune ├─┬ agent-base@2.1.1
58 silly idealTree:prePrune │ └── semver@5.0.3
58 silly idealTree:prePrune ├─┬ ajv@4.11.8
58 silly idealTree:prePrune │ └── co@4.6.0
58 silly idealTree:prePrune ├── amdefine@1.0.1
58 silly idealTree:prePrune ├── ansi-regex@2.1.1
58 silly idealTree:prePrune ├── aproba@1.1.1
58 silly idealTree:prePrune ├── are-we-there-yet@1.1.4
58 silly idealTree:prePrune ├── array-flatten@1.1.1
58 silly idealTree:prePrune ├── asn1@0.2.3
58 silly idealTree:prePrune ├── assert-plus@0.2.0
58 silly idealTree:prePrune ├── ast-types@0.9.12
58 silly idealTree:prePrune ├── async@2.1.4
58 silly idealTree:prePrune ├── asynckit@0.4.0
58 silly idealTree:prePrune ├── aws-sign2@0.6.0
58 silly idealTree:prePrune ├── aws4@1.6.0
58 silly idealTree:prePrune ├── balanced-match@0.4.2
58 silly idealTree:prePrune ├── base64url@2.0.0
58 silly idealTree:prePrune ├── basic-auth@1.1.0
58 silly idealTree:prePrune ├── bcrypt-pbkdf@1.0.1
58 silly idealTree:prePrune ├── bcrypt@1.0.2
58 silly idealTree:prePrune ├── bignumber.js@4.0.2
58 silly idealTree:prePrune ├── bindings@1.2.1
58 silly idealTree:prePrune ├── block-stream@0.0.9
58 silly idealTree:prePrune ├── bluebird@2.10.2
58 silly idealTree:prePrune ├─┬ body-parser@1.17.2
58 silly idealTree:prePrune │ ├── debug@2.6.7
58 silly idealTree:prePrune │ └── ms@2.0.0
58 silly idealTree:prePrune ├── boom@2.10.1
58 silly idealTree:prePrune ├── brace-expansion@1.1.7
58 silly idealTree:prePrune ├── browser-stdout@1.3.0
58 silly idealTree:prePrune ├── bson@1.0.4
58 silly idealTree:prePrune ├── buffer-equal-constant-time@1.0.1
58 silly idealTree:prePrune ├── buffer-shims@1.0.0
58 silly idealTree:prePrune ├── bytes@2.4.0
58 silly idealTree:prePrune ├── caseless@0.12.0
58 silly idealTree:prePrune ├── co@3.0.6
58 silly idealTree:prePrune ├── code-point-at@1.1.0
58 silly idealTree:prePrune ├── combined-stream@1.0.5
58 silly idealTree:prePrune ├── commander@2.9.0
58 silly idealTree:prePrune ├── component-emitter@1.2.1
58 silly idealTree:prePrune ├── concat-map@0.0.1
58 silly idealTree:prePrune ├── console-control-strings@1.1.0
58 silly idealTree:prePrune ├── content-disposition@0.5.2
58 silly idealTree:prePrune ├── content-type@1.0.2
58 silly idealTree:prePrune ├── cookie-signature@1.0.6
58 silly idealTree:prePrune ├── cookie@0.3.1
58 silly idealTree:prePrune ├── cookiejar@2.1.1
58 silly idealTree:prePrune ├── core-util-is@1.0.2
58 silly idealTree:prePrune ├── cors@2.8.3
58 silly idealTree:prePrune ├── cryptiles@2.0.5
58 silly idealTree:prePrune ├─┬ dashdash@1.14.1
58 silly idealTree:prePrune │ └── assert-plus@1.0.0
58 silly idealTree:prePrune ├── data-uri-to-buffer@0.0.4
58 silly idealTree:prePrune ├── debug@2.6.1
58 silly idealTree:prePrune ├── deep-extend@0.4.2
58 silly idealTree:prePrune ├── deep-is@0.1.3
58 silly idealTree:prePrune ├── defs
58 silly idealTree:prePrune ├── degenerator@1.0.4
58 silly idealTree:prePrune ├── delayed-stream@1.0.0
58 silly idealTree:prePrune ├── delegates@1.0.0
58 silly idealTree:prePrune ├── depd@1.1.0
58 silly idealTree:prePrune ├── destroy@1.0.4
58 silly idealTree:prePrune ├── diff@3.2.0
58 silly idealTree:prePrune ├── ecc-jsbn@0.1.1
58 silly idealTree:prePrune ├── ecdsa-sig-formatter@1.0.9
58 silly idealTree:prePrune ├── ee-first@1.1.1
58 silly idealTree:prePrune ├── encodeurl@1.0.1
58 silly idealTree:prePrune ├── es6-promise@3.2.1
58 silly idealTree:prePrune ├── escape-html@1.0.3
58 silly idealTree:prePrune ├── escape-string-regexp@1.0.5
58 silly idealTree:prePrune ├─┬ escodegen@1.8.1
58 silly idealTree:prePrune │ └── esprima@2.7.3
58 silly idealTree:prePrune ├── esprima@3.1.3
58 silly idealTree:prePrune ├── estraverse@1.9.3
58 silly idealTree:prePrune ├── esutils@2.0.2
58 silly idealTree:prePrune ├── etag@1.8.0
58 silly idealTree:prePrune ├─┬ express@4.15.3
58 silly idealTree:prePrune │ ├── debug@2.6.7
58 silly idealTree:prePrune │ └── ms@2.0.0
58 silly idealTree:prePrune ├── extend@3.0.1
58 silly idealTree:prePrune ├── extsprintf@1.0.2
58 silly idealTree:prePrune ├── fast-levenshtein@2.0.6
58 silly idealTree:prePrune ├── file-uri-to-path@0.0.2
58 silly idealTree:prePrune ├─┬ finalhandler@1.0.3
58 silly idealTree:prePrune │ ├── debug@2.6.7
58 silly idealTree:prePrune │ └── ms@2.0.0
58 silly idealTree:prePrune ├── forever-agent@0.6.1
58 silly idealTree:prePrune ├─┬ form-data@1.0.0-rc4
58 silly idealTree:prePrune │ └── async@1.5.2
58 silly idealTree:prePrune ├── formidable@1.1.1
58 silly idealTree:prePrune ├── forwarded@0.1.0
58 silly idealTree:prePrune ├── fresh@0.5.0
58 silly idealTree:prePrune ├── fs.realpath@1.0.0
58 silly idealTree:prePrune ├── fstream-ignore@1.0.5
58 silly idealTree:prePrune ├── fstream@1.0.11
58 silly idealTree:prePrune ├─┬ ftp@0.3.10
58 silly idealTree:prePrune │ ├── isarray@0.0.1
58 silly idealTree:prePrune │ ├── readable-stream@1.1.14
58 silly idealTree:prePrune │ └── string_decoder@0.10.31
58 silly idealTree:prePrune ├── gauge@2.7.4
58 silly idealTree:prePrune ├── get-uri@2.0.0
58 silly idealTree:prePrune ├─┬ getpass@0.1.7
58 silly idealTree:prePrune │ └── assert-plus@1.0.0
58 silly idealTree:prePrune ├── graceful-fs@4.1.11
58 silly idealTree:prePrune ├── graceful-readlink@1.0.1
58 silly idealTree:prePrune ├── growl@1.9.2
58 silly idealTree:prePrune ├── har-schema@1.0.5
58 silly idealTree:prePrune ├── har-validator@4.2.1
58 silly idealTree:prePrune ├── has-flag@1.0.0
58 silly idealTree:prePrune ├── has-unicode@2.0.1
58 silly idealTree:prePrune ├── hawk@3.1.3
58 silly idealTree:prePrune ├── hoek@2.16.3
58 silly idealTree:prePrune ├── hooks-fixed@2.0.0
58 silly idealTree:prePrune ├── http-errors@1.6.1
58 silly idealTree:prePrune ├── http-proxy-agent@1.0.0
58 silly idealTree:prePrune ├── http-signature@1.1.1
58 silly idealTree:prePrune ├── https-proxy-agent@1.0.0
58 silly idealTree:prePrune ├── iconv-lite@0.4.15
58 silly idealTree:prePrune ├── inflight@1.0.6
58 silly idealTree:prePrune ├── inherits@2.0.3
58 silly idealTree:prePrune ├── ini@1.3.4
58 silly idealTree:prePrune ├── ip@1.0.1
58 silly idealTree:prePrune ├── ipaddr.js@1.3.0
58 silly idealTree:prePrune ├── is-fullwidth-code-point@1.0.0
58 silly idealTree:prePrune ├── is-typedarray@1.0.0
58 silly idealTree:prePrune ├── isarray@1.0.0
58 silly idealTree:prePrune ├── isemail@1.2.0
58 silly idealTree:prePrune ├── isstream@0.1.2
58 silly idealTree:prePrune ├── jodid25519@1.0.2
58 silly idealTree:prePrune ├── joi@6.10.1
58 silly idealTree:prePrune ├── jsbn@0.1.1
58 silly idealTree:prePrune ├── json-bigint@0.2.3
58 silly idealTree:prePrune ├── json-schema@0.2.3
58 silly idealTree:prePrune ├── json-stable-stringify@1.0.1
58 silly idealTree:prePrune ├── json-stringify-safe@5.0.1
58 silly idealTree:prePrune ├── json3@3.3.2
58 silly idealTree:prePrune ├── jsonify@0.0.0
58 silly idealTree:prePrune ├─┬ jsonwebtoken@7.4.1
58 silly idealTree:prePrune │ └── ms@2.0.0
58 silly idealTree:prePrune ├─┬ jsprim@1.4.0
58 silly idealTree:prePrune │ └── assert-plus@1.0.0
58 silly idealTree:prePrune ├── jwa@1.1.5
58 silly idealTree:prePrune ├── jws@3.1.4
58 silly idealTree:prePrune ├── kareem@1.4.1
58 silly idealTree:prePrune ├── levn@0.3.0
58 silly idealTree:prePrune ├── lodash._baseassign@3.2.0
58 silly idealTree:prePrune ├── lodash._basecopy@3.0.1
58 silly idealTree:prePrune ├── lodash._basecreate@3.0.3
58 silly idealTree:prePrune ├── lodash._getnative@3.9.1
58 silly idealTree:prePrune ├── lodash._isiterateecall@3.0.9
58 silly idealTree:prePrune ├── lodash.create@3.1.1
58 silly idealTree:prePrune ├── lodash.isarguments@3.1.0
58 silly idealTree:prePrune ├── lodash.isarray@3.0.4
58 silly idealTree:prePrune ├── lodash.keys@3.1.2
58 silly idealTree:prePrune ├── lodash.once@4.1.1
58 silly idealTree:prePrune ├── lodash@4.17.4
58 silly idealTree:prePrune ├── lru-cache@2.6.5
58 silly idealTree:prePrune ├── media-typer@0.3.0
58 silly idealTree:prePrune ├── merge-descriptors@1.0.1
58 silly idealTree:prePrune ├── methods@1.1.2
58 silly idealTree:prePrune ├── mime-db@1.27.0
58 silly idealTree:prePrune ├── mime-types@2.1.15
58 silly idealTree:prePrune ├── mime@1.3.4
58 silly idealTree:prePrune ├── minimatch@3.0.4
58 silly idealTree:prePrune ├── minimist@0.0.8
58 silly idealTree:prePrune ├── mkdirp@0.5.1
58 silly idealTree:prePrune ├─┬ mocha@3.4.2
58 silly idealTree:prePrune │ ├── debug@2.6.0
58 silly idealTree:prePrune │ └── glob@7.1.1
58 silly idealTree:prePrune ├── moment@2.18.1
58 silly idealTree:prePrune ├── mongodb-core@2.1.11
58 silly idealTree:prePrune ├── mongodb@2.2.27
58 silly idealTree:prePrune ├─┬ mongoose@4.11.0
58 silly idealTree:prePrune │ └── ms@2.0.0
58 silly idealTree:prePrune ├─┬ morgan@1.8.2
58 silly idealTree:prePrune │ ├── debug@2.6.8
58 silly idealTree:prePrune │ └── ms@2.0.0
58 silly idealTree:prePrune ├── mpath@0.3.0
58 silly idealTree:prePrune ├── mpromise@0.5.5
58 silly idealTree:prePrune ├─┬ mquery@2.3.1
58 silly idealTree:prePrune │ ├── debug@2.6.8
58 silly idealTree:prePrune │ ├── ms@2.0.0
58 silly idealTree:prePrune │ └── sliced@0.0.5
58 silly idealTree:prePrune ├── ms@0.7.2
58 silly idealTree:prePrune ├── muri@1.2.1
58 silly idealTree:prePrune ├── nan@2.5.0
58 silly idealTree:prePrune ├── negotiator@0.6.1
58 silly idealTree:prePrune ├── netmask@1.0.6
58 silly idealTree:prePrune ├─┬ node-mailjet@3.1.0
58 silly idealTree:prePrune │ ├── bluebird@3.5.0
58 silly idealTree:prePrune │ └── qs@4.0.0
58 silly idealTree:prePrune ├── node-pre-gyp@0.6.32
58 silly idealTree:prePrune ├── nopt@3.0.6
58 silly idealTree:prePrune ├── npmlog@4.1.0
58 silly idealTree:prePrune ├── number-is-nan@1.0.1
58 silly idealTree:prePrune ├── oauth-sign@0.8.2
58 silly idealTree:prePrune ├── object-assign@4.1.1
58 silly idealTree:prePrune ├── on-finished@2.3.0
58 silly idealTree:prePrune ├── on-headers@1.0.1
58 silly idealTree:prePrune ├── once@1.4.0
58 silly idealTree:prePrune ├── optionator@0.8.2
58 silly idealTree:prePrune ├── pac-proxy-agent@1.1.0
58 silly idealTree:prePrune ├── pac-resolver@2.0.0
58 silly idealTree:prePrune ├── parseurl@1.3.1
58 silly idealTree:prePrune ├── path-is-absolute@1.0.1
58 silly idealTree:prePrune ├── path-to-regexp@0.1.7
58 silly idealTree:prePrune ├── performance-now@0.2.0
58 silly idealTree:prePrune ├── prelude-ls@1.1.2
58 silly idealTree:prePrune ├── process-nextick-args@1.0.7
58 silly idealTree:prePrune ├── proxy-addr@1.1.4
58 silly idealTree:prePrune ├── proxy-agent@2.0.0
58 silly idealTree:prePrune ├── punycode@1.4.1
58 silly idealTree:prePrune ├── qs@6.4.0
58 silly idealTree:prePrune ├── range-parser@1.2.0
58 silly idealTree:prePrune ├── raw-body@2.2.0
58 silly idealTree:prePrune ├─┬ rc@1.1.7
58 silly idealTree:prePrune │ └── minimist@1.2.0
58 silly idealTree:prePrune ├── readable-stream@2.2.7
58 silly idealTree:prePrune ├── recast
58 silly idealTree:prePrune ├── regenerator
58 silly idealTree:prePrune ├── regexp-clone@0.0.1
58 silly idealTree:prePrune ├─┬ request@2.81.0
58 silly idealTree:prePrune │ └── form-data@2.1.4
58 silly idealTree:prePrune ├── require_optional@1.0.1
58 silly idealTree:prePrune ├── resolve-from@2.0.0
58 silly idealTree:prePrune ├─┬ rimraf@2.5.4
58 silly idealTree:prePrune │ └── glob@7.1.1
58 silly idealTree:prePrune ├── safe-buffer@5.0.1
58 silly idealTree:prePrune ├── semver@5.3.0
58 silly idealTree:prePrune ├─┬ send@0.15.3
58 silly idealTree:prePrune │ ├── debug@2.6.7
58 silly idealTree:prePrune │ └── ms@2.0.0
58 silly idealTree:prePrune ├── serve-static@1.12.3
58 silly idealTree:prePrune ├── set-blocking@2.0.0
58 silly idealTree:prePrune ├── setprototypeof@1.0.3
58 silly idealTree:prePrune ├── should-equal@1.0.1
58 silly idealTree:prePrune ├── should-format@3.0.3
58 silly idealTree:prePrune ├── should-type-adaptors@1.0.1
58 silly idealTree:prePrune ├── should-type@1.4.0
58 silly idealTree:prePrune ├── should-util@1.0.0
58 silly idealTree:prePrune ├── should@11.2.1
58 silly idealTree:prePrune ├── signal-exit@3.0.2
58 silly idealTree:prePrune ├── sliced@1.0.1
58 silly idealTree:prePrune ├── smart-buffer@1.1.15
58 silly idealTree:prePrune ├── sntp@1.0.9
58 silly idealTree:prePrune ├── socks-proxy-agent@2.1.1
58 silly idealTree:prePrune ├─┬ socks@1.1.10
58 silly idealTree:prePrune │ └── ip@1.1.5
58 silly idealTree:prePrune ├── source-map@0.2.0
58 silly idealTree:prePrune ├─┬ sshpk@1.13.0
58 silly idealTree:prePrune │ └── assert-plus@1.0.0
58 silly idealTree:prePrune ├── statuses@1.3.1
58 silly idealTree:prePrune ├── string_decoder@1.0.0
58 silly idealTree:prePrune ├── string-width@1.0.2
58 silly idealTree:prePrune ├── stringstream@0.0.5
58 silly idealTree:prePrune ├── strip-ansi@3.0.1
58 silly idealTree:prePrune ├── strip-json-comments@2.0.1
58 silly idealTree:prePrune ├── superagent-proxy@1.0.2
58 silly idealTree:prePrune ├── superagent@2.3.0
58 silly idealTree:prePrune ├─┬ supertest@3.0.0
58 silly idealTree:prePrune │ ├── form-data@2.2.0
58 silly idealTree:prePrune │ └── superagent@3.5.2
58 silly idealTree:prePrune ├── supports-color@3.1.2
58 silly idealTree:prePrune ├─┬ tar-pack@3.3.0
58 silly idealTree:prePrune │ ├── debug@2.2.0
58 silly idealTree:prePrune │ ├── ms@0.7.1
58 silly idealTree:prePrune │ ├── once@1.3.3
58 silly idealTree:prePrune │ ├── readable-stream@2.1.5
58 silly idealTree:prePrune │ └── string_decoder@0.10.31
58 silly idealTree:prePrune ├── tar@2.2.1
58 silly idealTree:prePrune ├── thunkify@2.1.2
58 silly idealTree:prePrune ├── topo@1.1.0
58 silly idealTree:prePrune ├── tough-cookie@2.3.2
58 silly idealTree:prePrune ├── tunnel-agent@0.6.0
58 silly idealTree:prePrune ├── tweetnacl@0.14.5
58 silly idealTree:prePrune ├── type-check@0.3.2
58 silly idealTree:prePrune ├── type-is@1.6.15
58 silly idealTree:prePrune ├── uid-number@0.0.6
58 silly idealTree:prePrune ├── unpipe@1.0.0
58 silly idealTree:prePrune ├── util-deprecate@1.0.2
58 silly idealTree:prePrune ├── utils-merge@1.0.0
58 silly idealTree:prePrune ├── uuid@3.0.1
58 silly idealTree:prePrune ├── vary@1.1.1
58 silly idealTree:prePrune ├── verror@1.3.6
58 silly idealTree:prePrune ├── wide-align@1.1.2
58 silly idealTree:prePrune ├── wordwrap@1.0.0
58 silly idealTree:prePrune ├── wrappy@1.0.2
58 silly idealTree:prePrune ├── xregexp@2.0.0
58 silly idealTree:prePrune └── xtend@4.0.1
59 silly loadIdealTree Finishing
60 silly currentTree auth_service@1.0.0
60 silly currentTree ├── abbrev@1.1.0
60 silly currentTree ├── accepts@1.3.3
60 silly currentTree ├─┬ agent-base@2.1.1
60 silly currentTree │ └── semver@5.0.3
60 silly currentTree ├─┬ ajv@4.11.8
60 silly currentTree │ └── co@4.6.0
60 silly currentTree ├── amdefine@1.0.1
60 silly currentTree ├── ansi-regex@2.1.1
60 silly currentTree ├── aproba@1.1.1
60 silly currentTree ├── are-we-there-yet@1.1.4
60 silly currentTree ├── array-flatten@1.1.1
60 silly currentTree ├── asn1@0.2.3
60 silly currentTree ├── assert-plus@0.2.0
60 silly currentTree ├── ast-types@0.9.12
60 silly currentTree ├── async@2.1.4
60 silly currentTree ├── asynckit@0.4.0
60 silly currentTree ├── aws-sign2@0.6.0
60 silly currentTree ├── aws4@1.6.0
60 silly currentTree ├── balanced-match@0.4.2
60 silly currentTree ├── base64url@2.0.0
60 silly currentTree ├── basic-auth@1.1.0
60 silly currentTree ├── bcrypt-pbkdf@1.0.1
60 silly currentTree ├── bignumber.js@4.0.2
60 silly currentTree ├── bindings@1.2.1
60 silly currentTree ├── block-stream@0.0.9
60 silly currentTree ├── bluebird@2.10.2
60 silly currentTree ├─┬ body-parser@1.17.2
60 silly currentTree │ ├── debug@2.6.7
60 silly currentTree │ └── ms@2.0.0
60 silly currentTree ├── boom@2.10.1
60 silly currentTree ├── brace-expansion@1.1.7
60 silly currentTree ├── browser-stdout@1.3.0
60 silly currentTree ├── bson@1.0.4
60 silly currentTree ├── buffer-equal-constant-time@1.0.1
60 silly currentTree ├── buffer-shims@1.0.0
60 silly currentTree ├── bytes@2.4.0
60 silly currentTree ├── caseless@0.12.0
60 silly currentTree ├── co@3.0.6
60 silly currentTree ├── code-point-at@1.1.0
60 silly currentTree ├── combined-stream@1.0.5
60 silly currentTree ├── commander@2.9.0
60 silly currentTree ├── component-emitter@1.2.1
60 silly currentTree ├── concat-map@0.0.1
60 silly currentTree ├── console-control-strings@1.1.0
60 silly currentTree ├── content-disposition@0.5.2
60 silly currentTree ├── content-type@1.0.2
60 silly currentTree ├── cookie-signature@1.0.6
60 silly currentTree ├── cookie@0.3.1
60 silly currentTree ├── cookiejar@2.1.1
60 silly currentTree ├── core-util-is@1.0.2
60 silly currentTree ├── cors@2.8.3
60 silly currentTree ├── cryptiles@2.0.5
60 silly currentTree ├─┬ dashdash@1.14.1
60 silly currentTree │ └── assert-plus@1.0.0
60 silly currentTree ├── data-uri-to-buffer@0.0.4
60 silly currentTree ├── debug@2.6.1
60 silly currentTree ├── deep-extend@0.4.2
60 silly currentTree ├── deep-is@0.1.3
60 silly currentTree ├── defs
60 silly currentTree ├── degenerator@1.0.4
60 silly currentTree ├── delayed-stream@1.0.0
60 silly currentTree ├── delegates@1.0.0
60 silly currentTree ├── depd@1.1.0
60 silly currentTree ├── destroy@1.0.4
60 silly currentTree ├── diff@3.2.0
60 silly currentTree ├── ecc-jsbn@0.1.1
60 silly currentTree ├── ecdsa-sig-formatter@1.0.9
60 silly currentTree ├── ee-first@1.1.1
60 silly currentTree ├── encodeurl@1.0.1
60 silly currentTree ├── es6-promise@3.2.1
60 silly currentTree ├── escape-html@1.0.3
60 silly currentTree ├── escape-string-regexp@1.0.5
60 silly currentTree ├─┬ escodegen@1.8.1
60 silly currentTree │ └── esprima@2.7.3
60 silly currentTree ├── esprima@3.1.3
60 silly currentTree ├── estraverse@1.9.3
60 silly currentTree ├── esutils@2.0.2
60 silly currentTree ├── etag@1.8.0
60 silly currentTree ├─┬ express@4.15.3
60 silly currentTree │ ├── debug@2.6.7
60 silly currentTree │ └── ms@2.0.0
60 silly currentTree ├── extend@3.0.1
60 silly currentTree ├── extsprintf@1.0.2
60 silly currentTree ├── fast-levenshtein@2.0.6
60 silly currentTree ├── file-uri-to-path@0.0.2
60 silly currentTree ├─┬ finalhandler@1.0.3
60 silly currentTree │ ├── debug@2.6.7
60 silly currentTree │ └── ms@2.0.0
60 silly currentTree ├── forever-agent@0.6.1
60 silly currentTree ├─┬ form-data@1.0.0-rc4
60 silly currentTree │ └── async@1.5.2
60 silly currentTree ├── formidable@1.1.1
60 silly currentTree ├── forwarded@0.1.0
60 silly currentTree ├── fresh@0.5.0
60 silly currentTree ├── fs.realpath@1.0.0
60 silly currentTree ├── fstream-ignore@1.0.5
60 silly currentTree ├── fstream@1.0.11
60 silly currentTree ├─┬ ftp@0.3.10
60 silly currentTree │ ├── isarray@0.0.1
60 silly currentTree │ ├── readable-stream@1.1.14
60 silly currentTree │ └── string_decoder@0.10.31
60 silly currentTree ├── gauge@2.7.4
60 silly currentTree ├── get-uri@2.0.0
60 silly currentTree ├─┬ getpass@0.1.7
60 silly currentTree │ └── assert-plus@1.0.0
60 silly currentTree ├── graceful-fs@4.1.11
60 silly currentTree ├── graceful-readlink@1.0.1
60 silly currentTree ├── growl@1.9.2
60 silly currentTree ├── har-schema@1.0.5
60 silly currentTree ├── har-validator@4.2.1
60 silly currentTree ├── has-flag@1.0.0
60 silly currentTree ├── has-unicode@2.0.1
60 silly currentTree ├── hawk@3.1.3
60 silly currentTree ├── hoek@2.16.3
60 silly currentTree ├── hooks-fixed@2.0.0
60 silly currentTree ├── http-errors@1.6.1
60 silly currentTree ├── http-proxy-agent@1.0.0
60 silly currentTree ├── http-signature@1.1.1
60 silly currentTree ├── https-proxy-agent@1.0.0
60 silly currentTree ├── iconv-lite@0.4.15
60 silly currentTree ├── inflight@1.0.6
60 silly currentTree ├── inherits@2.0.3
60 silly currentTree ├── ini@1.3.4
60 silly currentTree ├── ip@1.0.1
60 silly currentTree ├── ipaddr.js@1.3.0
60 silly currentTree ├── is-fullwidth-code-point@1.0.0
60 silly currentTree ├── is-typedarray@1.0.0
60 silly currentTree ├── isarray@1.0.0
60 silly currentTree ├── isemail@1.2.0
60 silly currentTree ├── isstream@0.1.2
60 silly currentTree ├── jodid25519@1.0.2
60 silly currentTree ├── joi@6.10.1
60 silly currentTree ├── jsbn@0.1.1
60 silly currentTree ├── json-bigint@0.2.3
60 silly currentTree ├── json-schema@0.2.3
60 silly currentTree ├── json-stable-stringify@1.0.1
60 silly currentTree ├── json-stringify-safe@5.0.1
60 silly currentTree ├── json3@3.3.2
60 silly currentTree ├── jsonify@0.0.0
60 silly currentTree ├─┬ jsonwebtoken@7.4.1
60 silly currentTree │ └── ms@2.0.0
60 silly currentTree ├─┬ jsprim@1.4.0
60 silly currentTree │ └── assert-plus@1.0.0
60 silly currentTree ├── jwa@1.1.5
60 silly currentTree ├── jws@3.1.4
60 silly currentTree ├── kareem@1.4.1
60 silly currentTree ├── levn@0.3.0
60 silly currentTree ├── lodash._baseassign@3.2.0
60 silly currentTree ├── lodash._basecopy@3.0.1
60 silly currentTree ├── lodash._basecreate@3.0.3
60 silly currentTree ├── lodash._getnative@3.9.1
60 silly currentTree ├── lodash._isiterateecall@3.0.9
60 silly currentTree ├── lodash.create@3.1.1
60 silly currentTree ├── lodash.isarguments@3.1.0
60 silly currentTree ├── lodash.isarray@3.0.4
60 silly currentTree ├── lodash.keys@3.1.2
60 silly currentTree ├── lodash.once@4.1.1
60 silly currentTree ├── lodash@4.17.4
60 silly currentTree ├── lru-cache@2.6.5
60 silly currentTree ├── media-typer@0.3.0
60 silly currentTree ├── merge-descriptors@1.0.1
60 silly currentTree ├── methods@1.1.2
60 silly currentTree ├── mime-db@1.27.0
60 silly currentTree ├── mime-types@2.1.15
60 silly currentTree ├── mime@1.3.4
60 silly currentTree ├── minimatch@3.0.4
60 silly currentTree ├── minimist@0.0.8
60 silly currentTree ├── mkdirp@0.5.1
60 silly currentTree ├─┬ mocha@3.4.2
60 silly currentTree │ ├── debug@2.6.0
60 silly currentTree │ └── glob@7.1.1
60 silly currentTree ├── moment@2.18.1
60 silly currentTree ├── mongodb-core@2.1.11
60 silly currentTree ├── mongodb@2.2.27
60 silly currentTree ├─┬ mongoose@4.11.0
60 silly currentTree │ └── ms@2.0.0
60 silly currentTree ├─┬ morgan@1.8.2
60 silly currentTree │ ├── debug@2.6.8
60 silly currentTree │ └── ms@2.0.0
60 silly currentTree ├── mpath@0.3.0
60 silly currentTree ├── mpromise@0.5.5
60 silly currentTree ├─┬ mquery@2.3.1
60 silly currentTree │ ├── debug@2.6.8
60 silly currentTree │ ├── ms@2.0.0
60 silly currentTree │ └── sliced@0.0.5
60 silly currentTree ├── ms@0.7.2
60 silly currentTree ├── muri@1.2.1
60 silly currentTree ├── nan@2.5.0
60 silly currentTree ├── negotiator@0.6.1
60 silly currentTree ├── netmask@1.0.6
60 silly currentTree ├─┬ node-mailjet@3.1.0
60 silly currentTree │ ├── bluebird@3.5.0
60 silly currentTree │ └── qs@4.0.0
60 silly currentTree ├── node-pre-gyp@0.6.32
60 silly currentTree ├── nopt@3.0.6
60 silly currentTree ├── npmlog@4.1.0
60 silly currentTree ├── number-is-nan@1.0.1
60 silly currentTree ├── oauth-sign@0.8.2
60 silly currentTree ├── object-assign@4.1.1
60 silly currentTree ├── on-finished@2.3.0
60 silly currentTree ├── on-headers@1.0.1
60 silly currentTree ├── once@1.4.0
60 silly currentTree ├── optionator@0.8.2
60 silly currentTree ├── pac-proxy-agent@1.1.0
60 silly currentTree ├── pac-resolver@2.0.0
60 silly currentTree ├── parseurl@1.3.1
60 silly currentTree ├── path-is-absolute@1.0.1
60 silly currentTree ├── path-to-regexp@0.1.7
60 silly currentTree ├── performance-now@0.2.0
60 silly currentTree ├── prelude-ls@1.1.2
60 silly currentTree ├── process-nextick-args@1.0.7
60 silly currentTree ├── proxy-addr@1.1.4
60 silly currentTree ├── proxy-agent@2.0.0
60 silly currentTree ├── punycode@1.4.1
60 silly currentTree ├── qs@6.4.0
60 silly currentTree ├── range-parser@1.2.0
60 silly currentTree ├── raw-body@2.2.0
60 silly currentTree ├─┬ rc@1.1.7
60 silly currentTree │ └── minimist@1.2.0
60 silly currentTree ├── readable-stream@2.2.7
60 silly currentTree ├── recast
60 silly currentTree ├── regenerator
60 silly currentTree ├── regexp-clone@0.0.1
60 silly currentTree ├─┬ request@2.81.0
60 silly currentTree │ └── form-data@2.1.4
60 silly currentTree ├── require_optional@1.0.1
60 silly currentTree ├── resolve-from@2.0.0
60 silly currentTree ├─┬ rimraf@2.5.4
60 silly currentTree │ └── glob@7.1.1
60 silly currentTree ├── safe-buffer@5.0.1
60 silly currentTree ├── semver@5.3.0
60 silly currentTree ├─┬ send@0.15.3
60 silly currentTree │ ├── debug@2.6.7
60 silly currentTree │ └── ms@2.0.0
60 silly currentTree ├── serve-static@1.12.3
60 silly currentTree ├── set-blocking@2.0.0
60 silly currentTree ├── setprototypeof@1.0.3
60 silly currentTree ├── should-equal@1.0.1
60 silly currentTree ├── should-format@3.0.3
60 silly currentTree ├── should-type-adaptors@1.0.1
60 silly currentTree ├── should-type@1.4.0
60 silly currentTree ├── should-util@1.0.0
60 silly currentTree ├── should@11.2.1
60 silly currentTree ├── signal-exit@3.0.2
60 silly currentTree ├── sliced@1.0.1
60 silly currentTree ├── smart-buffer@1.1.15
60 silly currentTree ├── sntp@1.0.9
60 silly currentTree ├── socks-proxy-agent@2.1.1
60 silly currentTree ├─┬ socks@1.1.10
60 silly currentTree │ └── ip@1.1.5
60 silly currentTree ├── source-map@0.2.0
60 silly currentTree ├─┬ sshpk@1.13.0
60 silly currentTree │ └── assert-plus@1.0.0
60 silly currentTree ├── statuses@1.3.1
60 silly currentTree ├── string_decoder@1.0.0
60 silly currentTree ├── string-width@1.0.2
60 silly currentTree ├── stringstream@0.0.5
60 silly currentTree ├── strip-ansi@3.0.1
60 silly currentTree ├── strip-json-comments@2.0.1
60 silly currentTree ├── superagent-proxy@1.0.2
60 silly currentTree ├── superagent@2.3.0
60 silly currentTree ├─┬ supertest@3.0.0
60 silly currentTree │ ├── form-data@2.2.0
60 silly currentTree │ └── superagent@3.5.2
60 silly currentTree ├── supports-color@3.1.2
60 silly currentTree ├─┬ tar-pack@3.3.0
60 silly currentTree │ ├── debug@2.2.0
60 silly currentTree │ ├── ms@0.7.1
60 silly currentTree │ ├── once@1.3.3
60 silly currentTree │ ├── readable-stream@2.1.5
60 silly currentTree │ └── string_decoder@0.10.31
60 silly currentTree ├── tar@2.2.1
60 silly currentTree ├── thunkify@2.1.2
60 silly currentTree ├── topo@1.1.0
60 silly currentTree ├── tough-cookie@2.3.2
60 silly currentTree ├── tunnel-agent@0.6.0
60 silly currentTree ├── tweetnacl@0.14.5
60 silly currentTree ├── type-check@0.3.2
60 silly currentTree ├── type-is@1.6.15
60 silly currentTree ├── uid-number@0.0.6
60 silly currentTree ├── unpipe@1.0.0
60 silly currentTree ├── util-deprecate@1.0.2
60 silly currentTree ├── utils-merge@1.0.0
60 silly currentTree ├── uuid@3.0.1
60 silly currentTree ├── vary@1.1.1
60 silly currentTree ├── verror@1.3.6
60 silly currentTree ├── wide-align@1.1.2
60 silly currentTree ├── wordwrap@1.0.0
60 silly currentTree ├── wrappy@1.0.2
60 silly currentTree ├── xregexp@2.0.0
60 silly currentTree └── xtend@4.0.1
61 silly idealTree auth_service@1.0.0
61 silly idealTree ├── abbrev@1.1.0
61 silly idealTree ├── accepts@1.3.3
61 silly idealTree ├─┬ agent-base@2.1.1
61 silly idealTree │ └── semver@5.0.3
61 silly idealTree ├─┬ ajv@4.11.8
61 silly idealTree │ └── co@4.6.0
61 silly idealTree ├── amdefine@1.0.1
61 silly idealTree ├── ansi-regex@2.1.1
61 silly idealTree ├── aproba@1.1.1
61 silly idealTree ├── are-we-there-yet@1.1.4
61 silly idealTree ├── array-flatten@1.1.1
61 silly idealTree ├── asn1@0.2.3
61 silly idealTree ├── assert-plus@0.2.0
61 silly idealTree ├── ast-types@0.9.12
61 silly idealTree ├── async@2.1.4
61 silly idealTree ├── asynckit@0.4.0
61 silly idealTree ├── aws-sign2@0.6.0
61 silly idealTree ├── aws4@1.6.0
61 silly idealTree ├── balanced-match@0.4.2
61 silly idealTree ├── base64url@2.0.0
61 silly idealTree ├── basic-auth@1.1.0
61 silly idealTree ├── bcrypt-pbkdf@1.0.1
61 silly idealTree ├── bcrypt@1.0.2
61 silly idealTree ├── bignumber.js@4.0.2
61 silly idealTree ├── bindings@1.2.1
61 silly idealTree ├── block-stream@0.0.9
61 silly idealTree ├── bluebird@2.10.2
61 silly idealTree ├─┬ body-parser@1.17.2
61 silly idealTree │ ├── debug@2.6.7
61 silly idealTree │ └── ms@2.0.0
61 silly idealTree ├── boom@2.10.1
61 silly idealTree ├── brace-expansion@1.1.7
61 silly idealTree ├── browser-stdout@1.3.0
61 silly idealTree ├── bson@1.0.4
61 silly idealTree ├── buffer-equal-constant-time@1.0.1
61 silly idealTree ├── buffer-shims@1.0.0
61 silly idealTree ├── bytes@2.4.0
61 silly idealTree ├── caseless@0.12.0
61 silly idealTree ├── co@3.0.6
61 silly idealTree ├── code-point-at@1.1.0
61 silly idealTree ├── combined-stream@1.0.5
61 silly idealTree ├── commander@2.9.0
61 silly idealTree ├── component-emitter@1.2.1
61 silly idealTree ├── concat-map@0.0.1
61 silly idealTree ├── console-control-strings@1.1.0
61 silly idealTree ├── content-disposition@0.5.2
61 silly idealTree ├── content-type@1.0.2
61 silly idealTree ├── cookie-signature@1.0.6
61 silly idealTree ├── cookie@0.3.1
61 silly idealTree ├── cookiejar@2.1.1
61 silly idealTree ├── core-util-is@1.0.2
61 silly idealTree ├── cors@2.8.3
61 silly idealTree ├── cryptiles@2.0.5
61 silly idealTree ├─┬ dashdash@1.14.1
61 silly idealTree │ └── assert-plus@1.0.0
61 silly idealTree ├── data-uri-to-buffer@0.0.4
61 silly idealTree ├── debug@2.6.1
61 silly idealTree ├── deep-extend@0.4.2
61 silly idealTree ├── deep-is@0.1.3
61 silly idealTree ├── defs
61 silly idealTree ├── degenerator@1.0.4
61 silly idealTree ├── delayed-stream@1.0.0
61 silly idealTree ├── delegates@1.0.0
61 silly idealTree ├── depd@1.1.0
61 silly idealTree ├── destroy@1.0.4
61 silly idealTree ├── diff@3.2.0
61 silly idealTree ├── ecc-jsbn@0.1.1
61 silly idealTree ├── ecdsa-sig-formatter@1.0.9
61 silly idealTree ├── ee-first@1.1.1
61 silly idealTree ├── encodeurl@1.0.1
61 silly idealTree ├── es6-promise@3.2.1
61 silly idealTree ├── escape-html@1.0.3
61 silly idealTree ├── escape-string-regexp@1.0.5
61 silly idealTree ├─┬ escodegen@1.8.1
61 silly idealTree │ └── esprima@2.7.3
61 silly idealTree ├── esprima@3.1.3
61 silly idealTree ├── estraverse@1.9.3
61 silly idealTree ├── esutils@2.0.2
61 silly idealTree ├── etag@1.8.0
61 silly idealTree ├─┬ express@4.15.3
61 silly idealTree │ ├── debug@2.6.7
61 silly idealTree │ └── ms@2.0.0
61 silly idealTree ├── extend@3.0.1
61 silly idealTree ├── extsprintf@1.0.2
61 silly idealTree ├── fast-levenshtein@2.0.6
61 silly idealTree ├── file-uri-to-path@0.0.2
61 silly idealTree ├─┬ finalhandler@1.0.3
61 silly idealTree │ ├── debug@2.6.7
61 silly idealTree │ └── ms@2.0.0
61 silly idealTree ├── forever-agent@0.6.1
61 silly idealTree ├─┬ form-data@1.0.0-rc4
61 silly idealTree │ └── async@1.5.2
61 silly idealTree ├── formidable@1.1.1
61 silly idealTree ├── forwarded@0.1.0
61 silly idealTree ├── fresh@0.5.0
61 silly idealTree ├── fs.realpath@1.0.0
61 silly idealTree ├── fstream-ignore@1.0.5
61 silly idealTree ├── fstream@1.0.11
61 silly idealTree ├─┬ ftp@0.3.10
61 silly idealTree │ ├── isarray@0.0.1
61 silly idealTree │ ├── readable-stream@1.1.14
61 silly idealTree │ └── string_decoder@0.10.31
61 silly idealTree ├── gauge@2.7.4
61 silly idealTree ├── get-uri@2.0.0
61 silly idealTree ├─┬ getpass@0.1.7
61 silly idealTree │ └── assert-plus@1.0.0
61 silly idealTree ├── graceful-fs@4.1.11
61 silly idealTree ├── graceful-readlink@1.0.1
61 silly idealTree ├── growl@1.9.2
61 silly idealTree ├── har-schema@1.0.5
61 silly idealTree ├── har-validator@4.2.1
61 silly idealTree ├── has-flag@1.0.0
61 silly idealTree ├── has-unicode@2.0.1
61 silly idealTree ├── hawk@3.1.3
61 silly idealTree ├── hoek@2.16.3
61 silly idealTree ├── hooks-fixed@2.0.0
61 silly idealTree ├── http-errors@1.6.1
61 silly idealTree ├── http-proxy-agent@1.0.0
61 silly idealTree ├── http-signature@1.1.1
61 silly idealTree ├── https-proxy-agent@1.0.0
61 silly idealTree ├── iconv-lite@0.4.15
61 silly idealTree ├── inflight@1.0.6
61 silly idealTree ├── inherits@2.0.3
61 silly idealTree ├── ini@1.3.4
61 silly idealTree ├── ip@1.0.1
61 silly idealTree ├── ipaddr.js@1.3.0
61 silly idealTree ├── is-fullwidth-code-point@1.0.0
61 silly idealTree ├── is-typedarray@1.0.0
61 silly idealTree ├── isarray@1.0.0
61 silly idealTree ├── isemail@1.2.0
61 silly idealTree ├── isstream@0.1.2
61 silly idealTree ├── jodid25519@1.0.2
61 silly idealTree ├── joi@6.10.1
61 silly idealTree ├── jsbn@0.1.1
61 silly idealTree ├── json-bigint@0.2.3
61 silly idealTree ├── json-schema@0.2.3
61 silly idealTree ├── json-stable-stringify@1.0.1
61 silly idealTree ├── json-stringify-safe@5.0.1
61 silly idealTree ├── json3@3.3.2
61 silly idealTree ├── jsonify@0.0.0
61 silly idealTree ├─┬ jsonwebtoken@7.4.1
61 silly idealTree │ └── ms@2.0.0
61 silly idealTree ├─┬ jsprim@1.4.0
61 silly idealTree │ └── assert-plus@1.0.0
61 silly idealTree ├── jwa@1.1.5
61 silly idealTree ├── jws@3.1.4
61 silly idealTree ├── kareem@1.4.1
61 silly idealTree ├── levn@0.3.0
61 silly idealTree ├── lodash._baseassign@3.2.0
61 silly idealTree ├── lodash._basecopy@3.0.1
61 silly idealTree ├── lodash._basecreate@3.0.3
61 silly idealTree ├── lodash._getnative@3.9.1
61 silly idealTree ├── lodash._isiterateecall@3.0.9
61 silly idealTree ├── lodash.create@3.1.1
61 silly idealTree ├── lodash.isarguments@3.1.0
61 silly idealTree ├── lodash.isarray@3.0.4
61 silly idealTree ├── lodash.keys@3.1.2
61 silly idealTree ├── lodash.once@4.1.1
61 silly idealTree ├── lodash@4.17.4
61 silly idealTree ├── lru-cache@2.6.5
61 silly idealTree ├── media-typer@0.3.0
61 silly idealTree ├── merge-descriptors@1.0.1
61 silly idealTree ├── methods@1.1.2
61 silly idealTree ├── mime-db@1.27.0
61 silly idealTree ├── mime-types@2.1.15
61 silly idealTree ├── mime@1.3.4
61 silly idealTree ├── minimatch@3.0.4
61 silly idealTree ├── minimist@0.0.8
61 silly idealTree ├── mkdirp@0.5.1
61 silly idealTree ├─┬ mocha@3.4.2
61 silly idealTree │ ├── debug@2.6.0
61 silly idealTree │ └── glob@7.1.1
61 silly idealTree ├── moment@2.18.1
61 silly idealTree ├── mongodb-core@2.1.11
61 silly idealTree ├── mongodb@2.2.27
61 silly idealTree ├─┬ mongoose@4.11.0
61 silly idealTree │ └── ms@2.0.0
61 silly idealTree ├─┬ morgan@1.8.2
61 silly idealTree │ ├── debug@2.6.8
61 silly idealTree │ └── ms@2.0.0
61 silly idealTree ├── mpath@0.3.0
61 silly idealTree ├── mpromise@0.5.5
61 silly idealTree ├─┬ mquery@2.3.1
61 silly idealTree │ ├── debug@2.6.8
61 silly idealTree │ ├── ms@2.0.0
61 silly idealTree │ └── sliced@0.0.5
61 silly idealTree ├── ms@0.7.2
61 silly idealTree ├── muri@1.2.1
61 silly idealTree ├── nan@2.5.0
61 silly idealTree ├── negotiator@0.6.1
61 silly idealTree ├── netmask@1.0.6
61 silly idealTree ├─┬ node-mailjet@3.1.0
61 silly idealTree │ ├── bluebird@3.5.0
61 silly idealTree │ └── qs@4.0.0
61 silly idealTree ├── node-pre-gyp@0.6.32
61 silly idealTree ├── nopt@3.0.6
61 silly idealTree ├── npmlog@4.1.0
61 silly idealTree ├── number-is-nan@1.0.1
61 silly idealTree ├── oauth-sign@0.8.2
61 silly idealTree ├── object-assign@4.1.1
61 silly idealTree ├── on-finished@2.3.0
61 silly idealTree ├── on-headers@1.0.1
61 silly idealTree ├── once@1.4.0
61 silly idealTree ├── optionator@0.8.2
61 silly idealTree ├── pac-proxy-agent@1.1.0
61 silly idealTree ├── pac-resolver@2.0.0
61 silly idealTree ├── parseurl@1.3.1
61 silly idealTree ├── path-is-absolute@1.0.1
61 silly idealTree ├── path-to-regexp@0.1.7
61 silly idealTree ├── performance-now@0.2.0
61 silly idealTree ├── prelude-ls@1.1.2
61 silly idealTree ├── process-nextick-args@1.0.7
61 silly idealTree ├── proxy-addr@1.1.4
61 silly idealTree ├── proxy-agent@2.0.0
61 silly idealTree ├── punycode@1.4.1
61 silly idealTree ├── qs@6.4.0
61 silly idealTree ├── range-parser@1.2.0
61 silly idealTree ├── raw-body@2.2.0
61 silly idealTree ├─┬ rc@1.1.7
61 silly idealTree │ └── minimist@1.2.0
61 silly idealTree ├── readable-stream@2.2.7
61 silly idealTree ├── recast
61 silly idealTree ├── regenerator
61 silly idealTree ├── regexp-clone@0.0.1
61 silly idealTree ├─┬ request@2.81.0
61 silly idealTree │ └── form-data@2.1.4
61 silly idealTree ├── require_optional@1.0.1
61 silly idealTree ├── resolve-from@2.0.0
61 silly idealTree ├─┬ rimraf@2.5.4
61 silly idealTree │ └── glob@7.1.1
61 silly idealTree ├── safe-buffer@5.0.1
61 silly idealTree ├── semver@5.3.0
61 silly idealTree ├─┬ send@0.15.3
61 silly idealTree │ ├── debug@2.6.7
61 silly idealTree │ └── ms@2.0.0
61 silly idealTree ├── serve-static@1.12.3
61 silly idealTree ├── set-blocking@2.0.0
61 silly idealTree ├── setprototypeof@1.0.3
61 silly idealTree ├── should-equal@1.0.1
61 silly idealTree ├── should-format@3.0.3
61 silly idealTree ├── should-type-adaptors@1.0.1
61 silly idealTree ├── should-type@1.4.0
61 silly idealTree ├── should-util@1.0.0
61 silly idealTree ├── should@11.2.1
61 silly idealTree ├── signal-exit@3.0.2
61 silly idealTree ├── sliced@1.0.1
61 silly idealTree ├── smart-buffer@1.1.15
61 silly idealTree ├── sntp@1.0.9
61 silly idealTree ├── socks-proxy-agent@2.1.1
61 silly idealTree ├─┬ socks@1.1.10
61 silly idealTree │ └── ip@1.1.5
61 silly idealTree ├── source-map@0.2.0
61 silly idealTree ├─┬ sshpk@1.13.0
61 silly idealTree │ └── assert-plus@1.0.0
61 silly idealTree ├── statuses@1.3.1
61 silly idealTree ├── string_decoder@1.0.0
61 silly idealTree ├── string-width@1.0.2
61 silly idealTree ├── stringstream@0.0.5
61 silly idealTree ├── strip-ansi@3.0.1
61 silly idealTree ├── strip-json-comments@2.0.1
61 silly idealTree ├── superagent-proxy@1.0.2
61 silly idealTree ├── superagent@2.3.0
61 silly idealTree ├─┬ supertest@3.0.0
61 silly idealTree │ ├── form-data@2.2.0
61 silly idealTree │ └── superagent@3.5.2
61 silly idealTree ├── supports-color@3.1.2
61 silly idealTree ├─┬ tar-pack@3.3.0
61 silly idealTree │ ├── debug@2.2.0
61 silly idealTree │ ├── ms@0.7.1
61 silly idealTree │ ├── once@1.3.3
61 silly idealTree │ ├── readable-stream@2.1.5
61 silly idealTree │ └── string_decoder@0.10.31
61 silly idealTree ├── tar@2.2.1
61 silly idealTree ├── thunkify@2.1.2
61 silly idealTree ├── topo@1.1.0
61 silly idealTree ├── tough-cookie@2.3.2
61 silly idealTree ├── tunnel-agent@0.6.0
61 silly idealTree ├── tweetnacl@0.14.5
61 silly idealTree ├── type-check@0.3.2
61 silly idealTree ├── type-is@1.6.15
61 silly idealTree ├── uid-number@0.0.6
61 silly idealTree ├── unpipe@1.0.0
61 silly idealTree ├── util-deprecate@1.0.2
61 silly idealTree ├── utils-merge@1.0.0
61 silly idealTree ├── uuid@3.0.1
61 silly idealTree ├── vary@1.1.1
61 silly idealTree ├── verror@1.3.6
61 silly idealTree ├── wide-align@1.1.2
61 silly idealTree ├── wordwrap@1.0.0
61 silly idealTree ├── wrappy@1.0.2
61 silly idealTree ├── xregexp@2.0.0
61 silly idealTree └── xtend@4.0.1
62 silly generateActionsToTake Starting
63 silly install generateActionsToTake
64 silly generateActionsToTake Finishing
65 silly diffTrees action count 5
66 silly diffTrees add bcrypt@1.0.2
67 silly diffTrees update cors@2.8.3
68 silly diffTrees update mocha@3.4.2
69 silly diffTrees update should@11.2.1
70 silly diffTrees update supertest@3.0.0
71 silly decomposeActions action count 40
72 silly decomposeActions fetch bcrypt@1.0.2
73 silly decomposeActions extract bcrypt@1.0.2
74 silly decomposeActions test bcrypt@1.0.2
75 silly decomposeActions preinstall bcrypt@1.0.2
76 silly decomposeActions build bcrypt@1.0.2
77 silly decomposeActions install bcrypt@1.0.2
78 silly decomposeActions postinstall bcrypt@1.0.2
79 silly decomposeActions finalize bcrypt@1.0.2
80 silly decomposeActions fetch cors@2.8.3
81 silly decomposeActions extract cors@2.8.3
82 silly decomposeActions test cors@2.8.3
83 silly decomposeActions preinstall cors@2.8.3
84 silly decomposeActions build cors@2.8.3
85 silly decomposeActions install cors@2.8.3
86 silly decomposeActions postinstall cors@2.8.3
87 silly decomposeActions finalize cors@2.8.3
88 silly decomposeActions fetch mocha@3.4.2
89 silly decomposeActions extract mocha@3.4.2
90 silly decomposeActions test mocha@3.4.2
91 silly decomposeActions preinstall mocha@3.4.2
92 silly decomposeActions build mocha@3.4.2
93 silly decomposeActions install mocha@3.4.2
94 silly decomposeActions postinstall mocha@3.4.2
95 silly decomposeActions finalize mocha@3.4.2
96 silly decomposeActions fetch should@11.2.1
97 silly decomposeActions extract should@11.2.1
98 silly decomposeActions test should@11.2.1
99 silly decomposeActions preinstall should@11.2.1
100 silly decomposeActions build should@11.2.1
101 silly decomposeActions install should@11.2.1
102 silly decomposeActions postinstall should@11.2.1
103 silly decomposeActions finalize should@11.2.1
104 silly decomposeActions fetch supertest@3.0.0
105 silly decomposeActions extract supertest@3.0.0
106 silly decomposeActions test supertest@3.0.0
107 silly decomposeActions preinstall supertest@3.0.0
108 silly decomposeActions build supertest@3.0.0
109 silly decomposeActions install supertest@3.0.0
110 silly decomposeActions postinstall supertest@3.0.0
111 silly decomposeActions finalize supertest@3.0.0
112 silly executeActions Starting
113 silly install executeActions
114 silly doSerial global-install 0
115 silly doParallel fetch 5
116 verbose lock using /home/nandunb/.npm/_locks/staging-f5ef6267e3eb7c5a.lock for /var/www/html/cinematimes/services/auth_service/node_modules/.staging
117 silly doParallel extract 5
118 silly extract bcrypt@1.0.2
119 silly extract cors@2.8.3
120 silly extract mocha@3.4.2
121 silly extract should@11.2.1
122 silly extract supertest@3.0.0
123 silly addNamed cors@2.8.3
124 verbose addNamed "2.8.3" is a plain semver version for cors
125 silly mapToRegistry name cors
126 silly mapToRegistry using default registry
127 silly mapToRegistry registry https://registry.npmjs.org/
128 silly mapToRegistry uri https://registry.npmjs.org/cors
129 verbose addNameVersion registry:https://registry.npmjs.org/cors not in flight; fetching
130 silly addNamed mocha@3.4.2
131 verbose addNamed "3.4.2" is a plain semver version for mocha
132 silly mapToRegistry name mocha
133 silly mapToRegistry using default registry
134 silly mapToRegistry registry https://registry.npmjs.org/
135 silly mapToRegistry uri https://registry.npmjs.org/mocha
136 verbose addNameVersion registry:https://registry.npmjs.org/mocha not in flight; fetching
137 silly addNamed should@11.2.1
138 verbose addNamed "11.2.1" is a plain semver version for should
139 silly mapToRegistry name should
140 silly mapToRegistry using default registry
141 silly mapToRegistry registry https://registry.npmjs.org/
142 silly mapToRegistry uri https://registry.npmjs.org/should
143 verbose addNameVersion registry:https://registry.npmjs.org/should not in flight; fetching
144 silly addNamed supertest@3.0.0
145 verbose addNamed "3.0.0" is a plain semver version for supertest
146 silly mapToRegistry name supertest
147 silly mapToRegistry using default registry
148 silly mapToRegistry registry https://registry.npmjs.org/
149 silly mapToRegistry uri https://registry.npmjs.org/supertest
150 verbose addNameVersion registry:https://registry.npmjs.org/supertest not in flight; fetching
151 verbose unbuild node_modules/.staging/bcrypt-6420f2f6
152 silly gentlyRm /var/www/html/cinematimes/services/auth_service/node_modules/.staging/bcrypt-6420f2f6 is being purged from base /var/www/html/cinematimes/services/auth_service
153 verbose gentlyRm don't care about contents; nuking /var/www/html/cinematimes/services/auth_service/node_modules/.staging/bcrypt-6420f2f6
154 verbose request uri https://registry.npmjs.org/cors
155 verbose request no auth needed
156 info attempt registry request try #1 at 2:03:49 PM
157 verbose etag W/"59480b7a-e3f1"
158 verbose lastModified Mon, 19 Jun 2017 17:35:54 GMT
159 http request GET https://registry.npmjs.org/cors
160 verbose request uri https://registry.npmjs.org/should
161 verbose request no auth needed
162 info attempt registry request try #1 at 2:03:49 PM
163 verbose etag W/"592e93be-25031"
164 verbose lastModified Wed, 31 May 2017 09:58:22 GMT
165 http request GET https://registry.npmjs.org/should
166 verbose request uri https://registry.npmjs.org/supertest
167 verbose request no auth needed
168 info attempt registry request try #1 at 2:03:49 PM
169 verbose etag W/"59489e9d-bebb"
170 verbose lastModified Tue, 20 Jun 2017 04:03:41 GMT
171 http request GET https://registry.npmjs.org/supertest
172 verbose tar unpack /home/nandunb/.npm/bcrypt/1.0.2/package.tgz
173 verbose tar unpacking to /var/www/html/cinematimes/services/auth_service/node_modules/.staging/bcrypt-6420f2f6
174 silly gentlyRm /var/www/html/cinematimes/services/auth_service/node_modules/.staging/bcrypt-6420f2f6 is being purged
175 verbose gentlyRm don't care about contents; nuking /var/www/html/cinematimes/services/auth_service/node_modules/.staging/bcrypt-6420f2f6
176 verbose request uri https://registry.npmjs.org/mocha
177 verbose request no auth needed
178 info attempt registry request try #1 at 2:03:49 PM
179 verbose etag W/"594b7367-a6ee0"
180 verbose lastModified Thu, 22 Jun 2017 07:36:07 GMT
181 http request GET https://registry.npmjs.org/mocha
182 silly gunzTarPerm modes [ '755', '644' ]
183 silly gunzTarPerm extractEntry package.json
184 silly gunzTarPerm extractEntry .npmignore
185 silly gunzTarPerm extractEntry README.md
186 silly gunzTarPerm extractEntry LICENSE
187 silly gunzTarPerm extractEntry bcrypt.js
188 silly gunzTarPerm extractEntry Makefile
189 silly gunzTarPerm extractEntry .travis.yml
190 silly gunzTarPerm extractEntry appveyor.yml
191 silly gunzTarPerm extractEntry CHANGELOG.md
192 silly gunzTarPerm extractEntry binding.gyp
193 silly gunzTarPerm extractEntry examples/async_compare.js
194 silly gunzTarPerm extractEntry examples/forever_gen_salt.js
195 silly gunzTarPerm extractEntry lib/promises.js
196 silly gunzTarPerm extractEntry test/async.js
197 silly gunzTarPerm extractEntry test/promise.js
198 silly gunzTarPerm extractEntry test/repetitions.js
199 silly gunzTarPerm extractEntry test/sync.js
200 silly gunzTarPerm extractEntry ISSUE_TEMPLATE.md
201 silly gunzTarPerm extractEntry src/bcrypt.cc
202 silly gunzTarPerm extractEntry src/bcrypt_node.cc
203 silly gunzTarPerm extractEntry src/blowfish.cc
204 silly gunzTarPerm extractEntry src/node_blf.h
205 silly gunzTarPerm extractEntry werker.yml
206 silly gentlyRm /var/www/html/cinematimes/services/auth_service/node_modules/.staging/bcrypt-6420f2f6/node_modules is being purged
207 verbose gentlyRm don't care about contents; nuking /var/www/html/cinematimes/services/auth_service/node_modules/.staging/bcrypt-6420f2f6/node_modules
208 http 304 https://registry.npmjs.org/cors
209 verbose headers { date: 'Mon, 26 Jun 2017 08:33:49 GMT',
209 verbose headers   via: '1.1 varnish',
209 verbose headers   'cache-control': 'max-age=300',
209 verbose headers   etag: 'W/"59480b7a-e3f1"',
209 verbose headers   age: '1',
209 verbose headers   connection: 'keep-alive',
209 verbose headers   'x-served-by': 'cache-cdg8731-CDG',
209 verbose headers   'x-cache': 'HIT',
209 verbose headers   'x-cache-hits': '1',
209 verbose headers   'x-timer': 'S1498466029.450926,VS0,VE0',
209 verbose headers   vary: 'Accept-Encoding' }
210 silly get cb [ 304,
210 silly get   { date: 'Mon, 26 Jun 2017 08:33:49 GMT',
210 silly get     via: '1.1 varnish',
210 silly get     'cache-control': 'max-age=300',
210 silly get     etag: 'W/"59480b7a-e3f1"',
210 silly get     age: '1',
210 silly get     connection: 'keep-alive',
210 silly get     'x-served-by': 'cache-cdg8731-CDG',
210 silly get     'x-cache': 'HIT',
210 silly get     'x-cache-hits': '1',
210 silly get     'x-timer': 'S1498466029.450926,VS0,VE0',
210 silly get     vary: 'Accept-Encoding' } ]
211 verbose etag https://registry.npmjs.org/cors from cache
212 verbose get saving cors to /home/nandunb/.npm/registry.npmjs.org/cors/.cache.json
213 silly mapToRegistry name cors
214 silly mapToRegistry using default registry
215 silly mapToRegistry registry https://registry.npmjs.org/
216 silly mapToRegistry uri https://registry.npmjs.org/cors
217 verbose addRemoteTarball https://registry.npmjs.org/cors/-/cors-2.8.3.tgz not in flight; adding
218 verbose addRemoteTarball [ 'https://registry.npmjs.org/cors/-/cors-2.8.3.tgz',
218 verbose addRemoteTarball   '4cf78e1d23329a7496b2fc2225b77ca5bb5eb802' ]
219 info retry fetch attempt 1 at 2:03:49 PM
220 info attempt registry request try #1 at 2:03:49 PM
221 http fetch GET https://registry.npmjs.org/cors/-/cors-2.8.3.tgz
222 http fetch 200 https://registry.npmjs.org/cors/-/cors-2.8.3.tgz
223 silly fetchAndShaCheck shasum 4cf78e1d23329a7496b2fc2225b77ca5bb5eb802
224 verbose addTmpTarball /tmp/npm-21007-ca377ecf/registry.npmjs.org/cors/-/cors-2.8.3.tgz not in flight; adding
225 verbose addTmpTarball already have metadata; skipping unpack for cors@2.8.3
226 verbose unbuild node_modules/.staging/cors-7b12897a
227 silly gentlyRm /var/www/html/cinematimes/services/auth_service/node_modules/.staging/cors-7b12897a is being purged from base /var/www/html/cinematimes/services/auth_service
228 verbose gentlyRm don't care about contents; nuking /var/www/html/cinematimes/services/auth_service/node_modules/.staging/cors-7b12897a
229 verbose tar unpack /home/nandunb/.npm/cors/2.8.3/package.tgz
230 verbose tar unpacking to /var/www/html/cinematimes/services/auth_service/node_modules/.staging/cors-7b12897a
231 silly gentlyRm /var/www/html/cinematimes/services/auth_service/node_modules/.staging/cors-7b12897a is being purged
232 verbose gentlyRm don't care about contents; nuking /var/www/html/cinematimes/services/auth_service/node_modules/.staging/cors-7b12897a
233 silly gunzTarPerm modes [ '755', '644' ]
234 silly gunzTarPerm extractEntry package.json
235 silly gunzTarPerm modified mode [ 'package.json', 438, 420 ]
236 silly gunzTarPerm extractEntry .npmignore
237 silly gunzTarPerm modified mode [ '.npmignore', 438, 420 ]
238 silly gunzTarPerm extractEntry README.md
239 silly gunzTarPerm modified mode [ 'README.md', 438, 420 ]
240 silly gunzTarPerm extractEntry LICENSE
241 silly gunzTarPerm modified mode [ 'LICENSE', 438, 420 ]
242 silly gunzTarPerm extractEntry CONTRIBUTING.md
243 silly gunzTarPerm modified mode [ 'CONTRIBUTING.md', 438, 420 ]
244 silly gunzTarPerm extractEntry HISTORY.md
245 silly gunzTarPerm modified mode [ 'HISTORY.md', 438, 420 ]
246 silly gunzTarPerm extractEntry .eslintrc
247 silly gunzTarPerm modified mode [ '.eslintrc', 438, 420 ]
248 silly gunzTarPerm extractEntry lib/index.js
249 silly gunzTarPerm modified mode [ 'lib/index.js', 438, 420 ]
250 silly gunzTarPerm extractEntry .travis.yml
251 silly gunzTarPerm modified mode [ '.travis.yml', 438, 420 ]
252 silly gunzTarPerm extractEntry test/basic-auth.js
253 silly gunzTarPerm modified mode [ 'test/basic-auth.js', 438, 420 ]
254 silly gunzTarPerm extractEntry test/body-events.js
255 silly gunzTarPerm modified mode [ 'test/body-events.js', 438, 420 ]
256 silly gunzTarPerm extractEntry test/cors.js
257 silly gunzTarPerm modified mode [ 'test/cors.js', 438, 420 ]
258 silly gunzTarPerm extractEntry test/error-response.js
259 silly gunzTarPerm modified mode [ 'test/error-response.js', 438, 420 ]
260 silly gunzTarPerm extractEntry test/example-app.js
261 silly gunzTarPerm modified mode [ 'test/example-app.js', 438, 420 ]
262 silly gunzTarPerm extractEntry test/issue-2.js
263 silly gunzTarPerm modified mode [ 'test/issue-2.js', 438, 420 ]
264 silly gunzTarPerm extractEntry test/issue-31.js
265 silly gunzTarPerm modified mode [ 'test/issue-31.js', 438, 420 ]
266 silly gunzTarPerm extractEntry test/mocha.opts
267 silly gunzTarPerm modified mode [ 'test/mocha.opts', 438, 420 ]
268 silly gunzTarPerm extractEntry test/support/env.js
269 silly gunzTarPerm modified mode [ 'test/support/env.js', 438, 420 ]
270 silly gentlyRm /var/www/html/cinematimes/services/auth_service/node_modules/.staging/cors-7b12897a/node_modules is being purged
271 verbose gentlyRm don't care about contents; nuking /var/www/html/cinematimes/services/auth_service/node_modules/.staging/cors-7b12897a/node_modules
272 http 304 https://registry.npmjs.org/should
273 verbose headers { date: 'Mon, 26 Jun 2017 08:33:49 GMT',
273 verbose headers   via: '1.1 varnish',
273 verbose headers   'cache-control': 'max-age=300',
273 verbose headers   etag: 'W/"592e93be-25031"',
273 verbose headers   age: '0',
273 verbose headers   connection: 'keep-alive',
273 verbose headers   'x-served-by': 'cache-cdg8723-CDG',
273 verbose headers   'x-cache': 'HIT',
273 verbose headers   'x-cache-hits': '1',
273 verbose headers   'x-timer': 'S1498466030.809985,VS0,VE20',
273 verbose headers   vary: 'Accept-Encoding' }
274 silly get cb [ 304,
274 silly get   { date: 'Mon, 26 Jun 2017 08:33:49 GMT',
274 silly get     via: '1.1 varnish',
274 silly get     'cache-control': 'max-age=300',
274 silly get     etag: 'W/"592e93be-25031"',
274 silly get     age: '0',
274 silly get     connection: 'keep-alive',
274 silly get     'x-served-by': 'cache-cdg8723-CDG',
274 silly get     'x-cache': 'HIT',
274 silly get     'x-cache-hits': '1',
274 silly get     'x-timer': 'S1498466030.809985,VS0,VE20',
274 silly get     vary: 'Accept-Encoding' } ]
275 verbose etag https://registry.npmjs.org/should from cache
276 verbose get saving should to /home/nandunb/.npm/registry.npmjs.org/should/.cache.json
277 http 304 https://registry.npmjs.org/mocha
278 verbose headers { date: 'Mon, 26 Jun 2017 08:33:49 GMT',
278 verbose headers   via: '1.1 varnish',
278 verbose headers   'cache-control': 'max-age=300',
278 verbose headers   etag: 'W/"594b7367-a6ee0"',
278 verbose headers   age: '279',
278 verbose headers   connection: 'keep-alive',
278 verbose headers   'x-served-by': 'cache-cdg8726-CDG',
278 verbose headers   'x-cache': 'HIT',
278 verbose headers   'x-cache-hits': '5',
278 verbose headers   'x-timer': 'S1498466030.846094,VS0,VE0',
278 verbose headers   vary: 'Accept-Encoding' }
279 silly get cb [ 304,
279 silly get   { date: 'Mon, 26 Jun 2017 08:33:49 GMT',
279 silly get     via: '1.1 varnish',
279 silly get     'cache-control': 'max-age=300',
279 silly get     etag: 'W/"594b7367-a6ee0"',
279 silly get     age: '279',
279 silly get     connection: 'keep-alive',
279 silly get     'x-served-by': 'cache-cdg8726-CDG',
279 silly get     'x-cache': 'HIT',
279 silly get     'x-cache-hits': '5',
279 silly get     'x-timer': 'S1498466030.846094,VS0,VE0',
279 silly get     vary: 'Accept-Encoding' } ]
280 verbose etag https://registry.npmjs.org/mocha from cache
281 verbose get saving mocha to /home/nandunb/.npm/registry.npmjs.org/mocha/.cache.json
282 http 304 https://registry.npmjs.org/supertest
283 verbose headers { date: 'Mon, 26 Jun 2017 08:33:49 GMT',
283 verbose headers   via: '1.1 varnish',
283 verbose headers   'cache-control': 'max-age=300',
283 verbose headers   etag: 'W/"59489e9d-bebb"',
283 verbose headers   age: '54',
283 verbose headers   connection: 'keep-alive',
283 verbose headers   'x-served-by': 'cache-cdg8732-CDG',
283 verbose headers   'x-cache': 'HIT',
283 verbose headers   'x-cache-hits': '1',
283 verbose headers   'x-timer': 'S1498466030.842537,VS0,VE0',
283 verbose headers   vary: 'Accept-Encoding' }
284 silly get cb [ 304,
284 silly get   { date: 'Mon, 26 Jun 2017 08:33:49 GMT',
284 silly get     via: '1.1 varnish',
284 silly get     'cache-control': 'max-age=300',
284 silly get     etag: 'W/"59489e9d-bebb"',
284 silly get     age: '54',
284 silly get     connection: 'keep-alive',
284 silly get     'x-served-by': 'cache-cdg8732-CDG',
284 silly get     'x-cache': 'HIT',
284 silly get     'x-cache-hits': '1',
284 silly get     'x-timer': 'S1498466030.842537,VS0,VE0',
284 silly get     vary: 'Accept-Encoding' } ]
285 verbose etag https://registry.npmjs.org/supertest from cache
286 verbose get saving supertest to /home/nandunb/.npm/registry.npmjs.org/supertest/.cache.json
287 silly mapToRegistry name should
288 silly mapToRegistry using default registry
289 silly mapToRegistry registry https://registry.npmjs.org/
290 silly mapToRegistry uri https://registry.npmjs.org/should
291 verbose addRemoteTarball https://registry.npmjs.org/should/-/should-11.2.1.tgz not in flight; adding
292 verbose addRemoteTarball [ 'https://registry.npmjs.org/should/-/should-11.2.1.tgz',
292 verbose addRemoteTarball   '90f55145552d01cfc200666e4e818a1c9670eda2' ]
293 silly mapToRegistry name mocha
294 silly mapToRegistry using default registry
295 silly mapToRegistry registry https://registry.npmjs.org/
296 silly mapToRegistry uri https://registry.npmjs.org/mocha
297 verbose addRemoteTarball https://registry.npmjs.org/mocha/-/mocha-3.4.2.tgz not in flight; adding
298 verbose addRemoteTarball [ 'https://registry.npmjs.org/mocha/-/mocha-3.4.2.tgz',
298 verbose addRemoteTarball   'd0ef4d332126dbf18d0d640c9b382dd48be97594' ]
299 info retry fetch attempt 1 at 2:03:49 PM
300 info attempt registry request try #1 at 2:03:49 PM
301 http fetch GET https://registry.npmjs.org/should/-/should-11.2.1.tgz
302 info retry fetch attempt 1 at 2:03:49 PM
303 info attempt registry request try #1 at 2:03:49 PM
304 http fetch GET https://registry.npmjs.org/mocha/-/mocha-3.4.2.tgz
305 silly mapToRegistry name supertest
306 silly mapToRegistry using default registry
307 silly mapToRegistry registry https://registry.npmjs.org/
308 silly mapToRegistry uri https://registry.npmjs.org/supertest
309 verbose addRemoteTarball https://registry.npmjs.org/supertest/-/supertest-3.0.0.tgz not in flight; adding
310 verbose addRemoteTarball [ 'https://registry.npmjs.org/supertest/-/supertest-3.0.0.tgz',
310 verbose addRemoteTarball   '8d4bb68fd1830ee07033b1c5a5a9a4021c965296' ]
311 info retry fetch attempt 1 at 2:03:49 PM
312 info attempt registry request try #1 at 2:03:49 PM
313 http fetch GET https://registry.npmjs.org/supertest/-/supertest-3.0.0.tgz
314 http fetch 200 https://registry.npmjs.org/should/-/should-11.2.1.tgz
315 http fetch 200 https://registry.npmjs.org/mocha/-/mocha-3.4.2.tgz
316 http fetch 200 https://registry.npmjs.org/supertest/-/supertest-3.0.0.tgz
317 silly fetchAndShaCheck shasum 8d4bb68fd1830ee07033b1c5a5a9a4021c965296
318 verbose addTmpTarball /tmp/npm-21007-ca377ecf/registry.npmjs.org/supertest/-/supertest-3.0.0.tgz not in flight; adding
319 verbose addTmpTarball already have metadata; skipping unpack for supertest@3.0.0
320 verbose unbuild node_modules/.staging/supertest-b3524c09
321 silly gentlyRm /var/www/html/cinematimes/services/auth_service/node_modules/.staging/supertest-b3524c09 is being purged from base /var/www/html/cinematimes/services/auth_service
322 verbose gentlyRm don't care about contents; nuking /var/www/html/cinematimes/services/auth_service/node_modules/.staging/supertest-b3524c09
323 verbose tar unpack /home/nandunb/.npm/supertest/3.0.0/package.tgz
324 verbose tar unpacking to /var/www/html/cinematimes/services/auth_service/node_modules/.staging/supertest-b3524c09
325 silly gentlyRm /var/www/html/cinematimes/services/auth_service/node_modules/.staging/supertest-b3524c09 is being purged
326 verbose gentlyRm don't care about contents; nuking /var/www/html/cinematimes/services/auth_service/node_modules/.staging/supertest-b3524c09
327 silly gunzTarPerm modes [ '755', '644' ]
328 silly gunzTarPerm extractEntry package.json
329 silly gunzTarPerm extractEntry .npmignore
330 silly gunzTarPerm extractEntry LICENSE
331 silly gunzTarPerm extractEntry index.js
332 silly gunzTarPerm extractEntry Readme.md
333 silly gunzTarPerm extractEntry .eslintrc
334 silly gunzTarPerm extractEntry .travis.yml
335 silly gunzTarPerm extractEntry lib/agent.js
336 silly gunzTarPerm extractEntry lib/test.js
337 silly gunzTarPerm extractEntry History.md
338 silly gunzTarPerm extractEntry test/supertest.js
339 silly gunzTarPerm extractEntry test/.eslintrc
340 silly gunzTarPerm extractEntry test/fixtures/test_cert.pem
341 silly gunzTarPerm extractEntry test/fixtures/test_key.pem
342 silly gentlyRm /var/www/html/cinematimes/services/auth_service/node_modules/.staging/supertest-b3524c09/node_modules is being purged
343 verbose gentlyRm don't care about contents; nuking /var/www/html/cinematimes/services/auth_service/node_modules/.staging/supertest-b3524c09/node_modules
344 silly fetchAndShaCheck shasum 90f55145552d01cfc200666e4e818a1c9670eda2
345 verbose addTmpTarball /tmp/npm-21007-ca377ecf/registry.npmjs.org/should/-/should-11.2.1.tgz not in flight; adding
346 verbose addTmpTarball already have metadata; skipping unpack for should@11.2.1
347 verbose unbuild node_modules/.staging/should-5f53b4db
348 silly gentlyRm /var/www/html/cinematimes/services/auth_service/node_modules/.staging/should-5f53b4db is being purged from base /var/www/html/cinematimes/services/auth_service
349 verbose gentlyRm don't care about contents; nuking /var/www/html/cinematimes/services/auth_service/node_modules/.staging/should-5f53b4db
350 verbose tar unpack /home/nandunb/.npm/should/11.2.1/package.tgz
351 verbose tar unpacking to /var/www/html/cinematimes/services/auth_service/node_modules/.staging/should-5f53b4db
352 silly gentlyRm /var/www/html/cinematimes/services/auth_service/node_modules/.staging/should-5f53b4db is being purged
353 verbose gentlyRm don't care about contents; nuking /var/www/html/cinematimes/services/auth_service/node_modules/.staging/should-5f53b4db
354 silly gunzTarPerm modes [ '755', '644' ]
355 silly gunzTarPerm extractEntry package.json
356 silly gunzTarPerm modified mode [ 'package.json', 438, 420 ]
357 silly gunzTarPerm extractEntry LICENSE
358 silly gunzTarPerm modified mode [ 'LICENSE', 438, 420 ]
359 silly gunzTarPerm extractEntry as-function.js
360 silly gunzTarPerm modified mode [ 'as-function.js', 438, 420 ]
361 silly gunzTarPerm extractEntry index.js
362 silly gunzTarPerm modified mode [ 'index.js', 438, 420 ]
363 silly gunzTarPerm extractEntry should.js
364 silly gunzTarPerm modified mode [ 'should.js', 438, 420 ]
365 silly gunzTarPerm extractEntry Readme.md
366 silly gunzTarPerm modified mode [ 'Readme.md', 438, 420 ]
367 silly gunzTarPerm extractEntry cjs/should.js
368 silly gunzTarPerm modified mode [ 'cjs/should.js', 438, 420 ]
369 silly gunzTarPerm extractEntry es6/should.js
370 silly gunzTarPerm modified mode [ 'es6/should.js', 438, 420 ]
371 silly gunzTarPerm extractEntry CONTRIBUTING.md
372 silly gunzTarPerm modified mode [ 'CONTRIBUTING.md', 438, 420 ]
373 silly gunzTarPerm extractEntry History.md
374 silly gunzTarPerm modified mode [ 'History.md', 438, 420 ]
375 silly gentlyRm /var/www/html/cinematimes/services/auth_service/node_modules/.staging/should-5f53b4db/node_modules is being purged
376 verbose gentlyRm don't care about contents; nuking /var/www/html/cinematimes/services/auth_service/node_modules/.staging/should-5f53b4db/node_modules
377 silly fetchAndShaCheck shasum d0ef4d332126dbf18d0d640c9b382dd48be97594
378 verbose addTmpTarball /tmp/npm-21007-ca377ecf/registry.npmjs.org/mocha/-/mocha-3.4.2.tgz not in flight; adding
379 verbose addTmpTarball already have metadata; skipping unpack for mocha@3.4.2
380 verbose unbuild node_modules/.staging/mocha-d2938fcb
381 silly gentlyRm /var/www/html/cinematimes/services/auth_service/node_modules/.staging/mocha-d2938fcb is being purged from base /var/www/html/cinematimes/services/auth_service
382 verbose gentlyRm don't care about contents; nuking /var/www/html/cinematimes/services/auth_service/node_modules/.staging/mocha-d2938fcb
383 verbose tar unpack /home/nandunb/.npm/mocha/3.4.2/package.tgz
384 verbose tar unpacking to /var/www/html/cinematimes/services/auth_service/node_modules/.staging/mocha-d2938fcb
385 silly gentlyRm /var/www/html/cinematimes/services/auth_service/node_modules/.staging/mocha-d2938fcb is being purged
386 verbose gentlyRm don't care about contents; nuking /var/www/html/cinematimes/services/auth_service/node_modules/.staging/mocha-d2938fcb
387 silly gunzTarPerm modes [ '755', '644' ]
388 silly gunzTarPerm extractEntry package.json
389 silly gunzTarPerm extractEntry README.md
390 silly gunzTarPerm extractEntry LICENSE
391 silly gunzTarPerm extractEntry browser-entry.js
392 silly gunzTarPerm extractEntry index.js
393 silly gunzTarPerm extractEntry mocha.js
394 silly gunzTarPerm extractEntry CHANGELOG.md
395 silly gunzTarPerm extractEntry bin/options.js
396 silly gunzTarPerm extractEntry bin/_mocha
397 silly gunzTarPerm extractEntry bin/mocha
398 silly gunzTarPerm extractEntry bower.json
399 silly gunzTarPerm extractEntry images/error.png
400 silly gunzTarPerm extractEntry images/ok.png
401 silly gunzTarPerm extractEntry lib/utils.js
402 silly gunzTarPerm extractEntry lib/hook.js
403 silly gunzTarPerm extractEntry lib/mocha.js
404 silly gunzTarPerm extractEntry lib/ms.js
405 silly gunzTarPerm extractEntry lib/pending.js
406 silly gunzTarPerm extractEntry lib/context.js
407 silly gunzTarPerm extractEntry lib/runnable.js
408 silly gunzTarPerm extractEntry lib/runner.js
409 silly gunzTarPerm extractEntry lib/suite.js
410 silly gunzTarPerm extractEntry lib/test.js
411 silly gunzTarPerm extractEntry lib/browser/debug.js
412 silly gunzTarPerm extractEntry lib/browser/events.js
413 silly gunzTarPerm extractEntry lib/browser/progress.js
414 silly gunzTarPerm extractEntry lib/browser/tty.js
415 silly gunzTarPerm extractEntry lib/browser/.eslintrc.yaml
416 silly gunzTarPerm extractEntry lib/template.html
417 silly gunzTarPerm extractEntry lib/interfaces/bdd.js
418 silly gunzTarPerm extractEntry lib/interfaces/common.js
419 silly gunzTarPerm extractEntry lib/interfaces/exports.js
420 silly gunzTarPerm extractEntry lib/interfaces/index.js
421 silly gunzTarPerm extractEntry lib/interfaces/qunit.js
422 silly gunzTarPerm extractEntry lib/interfaces/tdd.js
423 silly gunzTarPerm extractEntry lib/to-iso-string/LICENSE
424 silly gunzTarPerm extractEntry lib/to-iso-string/index.js
425 silly gunzTarPerm extractEntry lib/reporters/base.js
426 silly gunzTarPerm extractEntry lib/reporters/index.js
427 silly gunzTarPerm extractEntry lib/reporters/json-stream.js
428 silly gunzTarPerm extractEntry lib/reporters/json.js
429 silly gunzTarPerm extractEntry lib/reporters/landing.js
430 silly gunzTarPerm extractEntry lib/reporters/html.js
431 silly gunzTarPerm extractEntry lib/reporters/markdown.js
432 silly gunzTarPerm extractEntry lib/reporters/min.js
433 silly gunzTarPerm extractEntry lib/reporters/nyan.js
434 silly gunzTarPerm extractEntry lib/reporters/progress.js
435 silly gunzTarPerm extractEntry lib/reporters/spec.js
436 silly gunzTarPerm extractEntry lib/reporters/dot.js
437 silly gunzTarPerm extractEntry lib/reporters/tap.js
438 silly gunzTarPerm extractEntry lib/reporters/doc.js
439 silly gunzTarPerm extractEntry lib/reporters/xunit.js
440 silly gunzTarPerm extractEntry lib/reporters/list.js
441 silly gunzTarPerm extractEntry mocha.css
442 silly gentlyRm /var/www/html/cinematimes/services/auth_service/node_modules/.staging/mocha-d2938fcb/node_modules is being purged
443 verbose gentlyRm don't care about contents; nuking /var/www/html/cinematimes/services/auth_service/node_modules/.staging/mocha-d2938fcb/node_modules
444 silly doParallel preinstall 5
445 silly preinstall bcrypt@1.0.2 /var/www/html/cinematimes/services/auth_service/node_modules/.staging/bcrypt-6420f2f6
446 info lifecycle bcrypt@1.0.2~preinstall: bcrypt@1.0.2
447 silly preinstall cors@2.8.3 /var/www/html/cinematimes/services/auth_service/node_modules/.staging/cors-7b12897a
448 info lifecycle cors@2.8.3~preinstall: cors@2.8.3
449 silly preinstall mocha@3.4.2 /var/www/html/cinematimes/services/auth_service/node_modules/.staging/mocha-d2938fcb
450 info lifecycle mocha@3.4.2~preinstall: mocha@3.4.2
451 silly preinstall should@11.2.1 /var/www/html/cinematimes/services/auth_service/node_modules/.staging/should-5f53b4db
452 info lifecycle should@11.2.1~preinstall: should@11.2.1
453 silly preinstall supertest@3.0.0 /var/www/html/cinematimes/services/auth_service/node_modules/.staging/supertest-b3524c09
454 info lifecycle supertest@3.0.0~preinstall: supertest@3.0.0
455 silly lifecycle bcrypt@1.0.2~preinstall: no script for preinstall, continuing
456 silly lifecycle cors@2.8.3~preinstall: no script for preinstall, continuing
457 silly lifecycle mocha@3.4.2~preinstall: no script for preinstall, continuing
458 silly lifecycle should@11.2.1~preinstall: no script for preinstall, continuing
459 silly lifecycle supertest@3.0.0~preinstall: no script for preinstall, continuing
460 silly doReverseSerial remove 0
461 silly doSerial move 0
462 silly doSerial finalize 5
463 silly finalize /var/www/html/cinematimes/services/auth_service/node_modules/bcrypt
464 silly finalize /var/www/html/cinematimes/services/auth_service/node_modules/cors
465 silly finalize /var/www/html/cinematimes/services/auth_service/node_modules/mocha
466 silly finalize /var/www/html/cinematimes/services/auth_service/node_modules/should
467 silly finalize /var/www/html/cinematimes/services/auth_service/node_modules/supertest
468 silly doSerial build 5
469 silly build bcrypt@1.0.2
470 info linkStuff bcrypt@1.0.2
471 silly linkStuff bcrypt@1.0.2 has /var/www/html/cinematimes/services/auth_service/node_modules as its parent node_modules
472 verbose linkBins bcrypt@1.0.2
473 verbose linkMans bcrypt@1.0.2
474 silly build cors@2.8.3
475 info linkStuff cors@2.8.3
476 silly linkStuff cors@2.8.3 has /var/www/html/cinematimes/services/auth_service/node_modules as its parent node_modules
477 verbose linkBins cors@2.8.3
478 verbose linkMans cors@2.8.3
479 silly build mocha@3.4.2
480 info linkStuff mocha@3.4.2
481 silly linkStuff mocha@3.4.2 has /var/www/html/cinematimes/services/auth_service/node_modules as its parent node_modules
482 verbose linkBins mocha@3.4.2
483 verbose link bins [ { _mocha: './bin/_mocha', mocha: './bin/mocha' },
483 verbose link bins   '/var/www/html/cinematimes/services/auth_service/node_modules/.bin',
483 verbose link bins   false ]
484 verbose linkMans mocha@3.4.2
485 silly build should@11.2.1
486 info linkStuff should@11.2.1
487 silly linkStuff should@11.2.1 has /var/www/html/cinematimes/services/auth_service/node_modules as its parent node_modules
488 verbose linkBins should@11.2.1
489 verbose linkMans should@11.2.1
490 silly build supertest@3.0.0
491 info linkStuff supertest@3.0.0
492 silly linkStuff supertest@3.0.0 has /var/www/html/cinematimes/services/auth_service/node_modules as its parent node_modules
493 verbose linkBins supertest@3.0.0
494 verbose linkMans supertest@3.0.0
495 silly doSerial global-link 0
496 silly doParallel update-linked 0
497 silly doSerial install 5
498 silly install bcrypt@1.0.2 /var/www/html/cinematimes/services/auth_service/node_modules/.staging/bcrypt-6420f2f6
499 info lifecycle bcrypt@1.0.2~install: bcrypt@1.0.2
500 verbose lifecycle bcrypt@1.0.2~install: unsafe-perm in lifecycle false
501 verbose lifecycle bcrypt@1.0.2~install: PATH: /usr/share/npm/bin/node-gyp-bin:/var/www/html/cinematimes/services/auth_service/node_modules/bcrypt/node_modules/.bin:/var/www/html/cinematimes/services/auth_service/node_modules/.bin:/usr/local/sbin:/usr/local/bin:/usr/sbin:/usr/bin:/sbin:/bin:/snap/bin
502 verbose lifecycle bcrypt@1.0.2~install: CWD: /var/www/html/cinematimes/services/auth_service/node_modules/bcrypt
503 silly lifecycle bcrypt@1.0.2~install: Args: [ '-c', 'node-pre-gyp install --fallback-to-build' ]
504 silly lifecycle bcrypt@1.0.2~install: Returned: code: 126  signal: null
505 info lifecycle bcrypt@1.0.2~install: Failed to exec install script
506 verbose unlock done using /home/nandunb/.npm/_locks/staging-f5ef6267e3eb7c5a.lock for /var/www/html/cinematimes/services/auth_service/node_modules/.staging
507 silly rollbackFailedOptional Starting
508 silly rollbackFailedOptional Finishing
509 silly runTopLevelLifecycles Starting
510 silly runTopLevelLifecycles Finishing
511 silly install printInstalled
512 warn enoent ENOENT: no such file or directory, open '/var/www/html/cinematimes/services/auth_service/node_modules/defs/package.json'
513 warn enoent ENOENT: no such file or directory, open '/var/www/html/cinematimes/services/auth_service/node_modules/regenerator/package.json'
514 warn enoent ENOENT: no such file or directory, open '/var/www/html/cinematimes/services/auth_service/node_modules/recast/package.json'
515 warn auth_service@1.0.0 No repository field.
516 verbose stack Error: bcrypt@1.0.2 install: `node-pre-gyp install --fallback-to-build`
516 verbose stack Exit status 126
516 verbose stack     at EventEmitter.<anonymous> (/usr/share/npm/lib/utils/lifecycle.js:232:16)
516 verbose stack     at emitTwo (events.js:87:13)
516 verbose stack     at EventEmitter.emit (events.js:172:7)
516 verbose stack     at ChildProcess.<anonymous> (/usr/share/npm/lib/utils/spawn.js:24:14)
516 verbose stack     at emitTwo (events.js:87:13)
516 verbose stack     at ChildProcess.emit (events.js:172:7)
516 verbose stack     at maybeClose (internal/child_process.js:854:16)
516 verbose stack     at Process.ChildProcess._handle.onexit (internal/child_process.js:222:5)
517 verbose pkgid bcrypt@1.0.2
518 verbose cwd /var/www/html/cinematimes/services/auth_service
519 error Linux 4.10.0-19-generic
520 error argv "/usr/bin/nodejs" "/usr/bin/npm" "install" "bcrypt" "--save"
521 error node v4.7.2
522 error npm  v3.5.2
523 error code ELIFECYCLE
524 error bcrypt@1.0.2 install: `node-pre-gyp install --fallback-to-build`
524 error Exit status 126
525 error Failed at the bcrypt@1.0.2 install script 'node-pre-gyp install --fallback-to-build'.
525 error Make sure you have the latest version of node.js and npm installed.
525 error If you do, this is most likely a problem with the bcrypt package,
525 error not with npm itself.
525 error Tell the author that this fails on your system:
525 error     node-pre-gyp install --fallback-to-build
525 error You can get information on how to open an issue for this project with:
525 error     npm bugs bcrypt
525 error Or if that isn't available, you can get their info via:
525 error     npm owner ls bcrypt
525 error There is likely additional logging output above.
526 verbose exit [ 1, true ]
